0 info it worked if it ends with ok
1 verbose cli [ '/usr/local/bin/node',
1 verbose cli   '/usr/local/bin/npm',
1 verbose cli   'i',
1 verbose cli   '-g',
1 verbose cli   'json-server' ]
2 info using npm@2.15.8
3 info using node@v4.4.7
4 verbose install initial load of /usr/local/lib/package.json
5 verbose readDependencies loading dependencies from /usr/local/lib/package.json
6 silly cache add args [ 'json-server', null ]
7 verbose cache add spec json-server
8 silly cache add parsed spec Result {
8 silly cache add   raw: 'json-server',
8 silly cache add   scope: null,
8 silly cache add   name: 'json-server',
8 silly cache add   rawSpec: '',
8 silly cache add   spec: 'latest',
8 silly cache add   type: 'tag' }
9 silly addNamed json-server@latest
10 verbose addNamed "latest" is being treated as a dist-tag for json-server
11 info addNameTag [ 'json-server', 'latest' ]
12 silly mapToRegistry name json-server
13 silly mapToRegistry using default registry
14 silly mapToRegistry registry https://registry.npmjs.org/
15 silly mapToRegistry data Result {
15 silly mapToRegistry   raw: 'json-server',
15 silly mapToRegistry   scope: null,
15 silly mapToRegistry   name: 'json-server',
15 silly mapToRegistry   rawSpec: '',
15 silly mapToRegistry   spec: 'latest',
15 silly mapToRegistry   type: 'tag' }
16 silly mapToRegistry uri https://registry.npmjs.org/json-server
17 verbose addNameTag registry:https://registry.npmjs.org/json-server not in flight; fetching
18 verbose request uri https://registry.npmjs.org/json-server
19 verbose request no auth needed
20 info attempt registry request try #1 at 6:22:02 PM
21 verbose request id 22f53c276e7b9d9d
22 verbose etag "E7FO69QYQGR9XMZXHSJJ6KEJ0"
23 http request GET https://registry.npmjs.org/json-server
24 http 200 https://registry.npmjs.org/json-server
25 verbose headers { server: 'nginx/1.10.1',
25 verbose headers   'content-type': 'application/json',
25 verbose headers   'last-modified': 'Tue, 21 Feb 2017 13:58:47 GMT',
25 verbose headers   etag: 'W/"58ac4797-2f146"',
25 verbose headers   'content-encoding': 'gzip',
25 verbose headers   'cache-control': 'max-age=300',
25 verbose headers   'content-length': '18796',
25 verbose headers   'accept-ranges': 'bytes',
25 verbose headers   date: 'Sat, 25 Feb 2017 17:22:00 GMT',
25 verbose headers   via: '1.1 varnish',
25 verbose headers   age: '206',
25 verbose headers   connection: 'keep-alive',
25 verbose headers   'x-served-by': 'cache-hhn1539-HHN',
25 verbose headers   'x-cache': 'HIT',
25 verbose headers   'x-cache-hits': '1',
25 verbose headers   'x-timer': 'S1488043320.072468,VS0,VE0',
25 verbose headers   vary: 'Accept-Encoding' }
26 silly get cb [ 200,
26 silly get   { server: 'nginx/1.10.1',
26 silly get     'content-type': 'application/json',
26 silly get     'last-modified': 'Tue, 21 Feb 2017 13:58:47 GMT',
26 silly get     etag: 'W/"58ac4797-2f146"',
26 silly get     'content-encoding': 'gzip',
26 silly get     'cache-control': 'max-age=300',
26 silly get     'content-length': '18796',
26 silly get     'accept-ranges': 'bytes',
26 silly get     date: 'Sat, 25 Feb 2017 17:22:00 GMT',
26 silly get     via: '1.1 varnish',
26 silly get     age: '206',
26 silly get     connection: 'keep-alive',
26 silly get     'x-served-by': 'cache-hhn1539-HHN',
26 silly get     'x-cache': 'HIT',
26 silly get     'x-cache-hits': '1',
26 silly get     'x-timer': 'S1488043320.072468,VS0,VE0',
26 silly get     vary: 'Accept-Encoding' } ]
27 verbose get saving json-server to /Users/nico/.npm/registry.npmjs.org/json-server/.cache.json
28 verbose correctMkdir /Users/nico/.npm correctMkdir not in flight; initializing
29 silly addNameTag next cb for json-server with tag latest
30 silly addNamed json-server@0.9.5
31 verbose addNamed "0.9.5" is a plain semver version for json-server
32 silly mapToRegistry name json-server
33 silly mapToRegistry using default registry
34 silly mapToRegistry registry https://registry.npmjs.org/
35 silly mapToRegistry data Result {
35 silly mapToRegistry   raw: 'json-server',
35 silly mapToRegistry   scope: null,
35 silly mapToRegistry   name: 'json-server',
35 silly mapToRegistry   rawSpec: '',
35 silly mapToRegistry   spec: 'latest',
35 silly mapToRegistry   type: 'tag' }
36 silly mapToRegistry uri https://registry.npmjs.org/json-server
37 verbose addRemoteTarball https://registry.npmjs.org/json-server/-/json-server-0.9.5.tgz not in flight; adding
38 verbose addRemoteTarball [ 'https://registry.npmjs.org/json-server/-/json-server-0.9.5.tgz',
38 verbose addRemoteTarball   'c90ae65863e1a70a19da86d14d737cf9495a4b6c' ]
39 info retry fetch attempt 1 at 6:22:02 PM
40 info attempt registry request try #1 at 6:22:02 PM
41 http fetch GET https://registry.npmjs.org/json-server/-/json-server-0.9.5.tgz
42 http fetch 200 https://registry.npmjs.org/json-server/-/json-server-0.9.5.tgz
43 silly fetchAndShaCheck shasum c90ae65863e1a70a19da86d14d737cf9495a4b6c
44 verbose addTmpTarball /var/folders/6j/b7rh8slx5yg8830nw2vzjp0w0000gn/T/npm-6147-cc04eb95/registry.npmjs.org/json-server/-/json-server-0.9.5.tgz not in flight; adding
45 verbose addTmpTarball already have metadata; skipping unpack for json-server@0.9.5
46 verbose correctMkdir /Users/nico/.npm correctMkdir not in flight; initializing
47 silly cache afterAdd json-server@0.9.5
48 verbose afterAdd /Users/nico/.npm/json-server/0.9.5/package/package.json not in flight; writing
49 verbose correctMkdir /Users/nico/.npm correctMkdir not in flight; initializing
50 verbose afterAdd /Users/nico/.npm/json-server/0.9.5/package/package.json written
51 silly install resolved [ { name: 'json-server',
51 silly install resolved     version: '0.9.5',
51 silly install resolved     description: 'Serves JSON files through REST routes.',
51 silly install resolved     main: './lib/server/index.js',
51 silly install resolved     bin: { 'json-server': './bin/index.js' },
51 silly install resolved     directories: { test: 'test' },
51 silly install resolved     dependencies:
51 silly install resolved      { 'body-parser': '^1.15.2',
51 silly install resolved        chalk: '^1.1.3',
51 silly install resolved        compression: '^1.6.0',
51 silly install resolved        'connect-pause': '^0.1.0',
51 silly install resolved        cors: '^2.3.0',
51 silly install resolved        errorhandler: '^1.2.0',
51 silly install resolved        express: '^4.9.5',
51 silly install resolved        'json-parse-helpfulerror': '^1.0.3',
51 silly install resolved        lodash: '^4.11.2',
51 silly install resolved        lowdb: '^0.14.0',
51 silly install resolved        'method-override': '^2.1.2',
51 silly install resolved        morgan: '^1.3.1',
51 silly install resolved        'object-assign': '^4.0.1',
51 silly install resolved        pluralize: '^3.0.0',
51 silly install resolved        request: '^2.72.0',
51 silly install resolved        'server-destroy': '^1.0.1',
51 silly install resolved        shortid: '^2.2.6',
51 silly install resolved        'underscore-db': '^0.12.2',
51 silly install resolved        'update-notifier': '^1.0.2',
51 silly install resolved        yargs: '^6.0.0' },
51 silly install resolved     devDependencies:
51 silly install resolved      { 'babel-cli': '^6.10.1',
51 silly install resolved        'babel-preset-es2015': '^6.16.0',
51 silly install resolved        'babel-register': '^6.16.3',
51 silly install resolved        'cross-env': '^2.0.1',
51 silly install resolved        husky: '^0.11.4',
51 silly install resolved        'markdown-toc': '^0.13.0',
51 silly install resolved        mkdirp: '^0.5.1',
51 silly install resolved        mocha: '^3.1.2',
51 silly install resolved        'os-tmpdir': '^1.0.1',
51 silly install resolved        rimraf: '^2.5.2',
51 silly install resolved        'server-ready': '^0.3.1',
51 silly install resolved        standard: '^8.3.0',
51 silly install resolved        supertest: '^2.0.0',
51 silly install resolved        'temp-write': '^2.1.0' },
51 silly install resolved     scripts:
51 silly install resolved      { test: 'npm run test:cli && npm run test:server && standard',
51 silly install resolved        'test:cli': 'npm run build && cross-env NODE_ENV=test mocha test/cli/*.js',
51 silly install resolved        'test:server': 'cross-env NODE_ENV=test mocha test/server/*.js',
51 silly install resolved        start: 'babel-node src/cli/bin',
51 silly install resolved        prepush: 'npm t',
51 silly install resolved        build: 'babel src -d lib --copy-files',
51 silly install resolved        toc: 'markdown-toc -i README.md',
51 silly install resolved        prepublish: 'npm run build' },
51 silly install resolved     repository:
51 silly install resolved      { type: 'git',
51 silly install resolved        url: 'git://github.com/typicode/json-server.git' },
51 silly install resolved     keywords:
51 silly install resolved      [ 'JSON',
51 silly install resolved        'server',
51 silly install resolved        'fake',
51 silly install resolved        'REST',
51 silly install resolved        'API',
51 silly install resolved        'prototyping',
51 silly install resolved        'mock',
51 silly install resolved        'mocking',
51 silly install resolved        'test',
51 silly install resolved        'testing',
51 silly install resolved        'rest',
51 silly install resolved        'data',
51 silly install resolved        'dummy',
51 silly install resolved        'sandbox' ],
51 silly install resolved     author: { name: 'Typicode', email: 'typicode@gmail.com' },
51 silly install resolved     license: 'MIT',
51 silly install resolved     bugs: { url: 'https://github.com/typicode/json-server/issues' },
51 silly install resolved     homepage: 'https://github.com/typicode/json-server',
51 silly install resolved     standard: { fix: true, env: [Object] },
51 silly install resolved     engines: { node: '>= 0.12' },
51 silly install resolved     gitHead: '697de0d121aeacf34b1408688404c3e269172829',
51 silly install resolved     _id: 'json-server@0.9.5',
51 silly install resolved     _shasum: 'c90ae65863e1a70a19da86d14d737cf9495a4b6c',
51 silly install resolved     _from: 'json-server@latest',
51 silly install resolved     _npmVersion: '3.10.9',
51 silly install resolved     _nodeVersion: '7.1.0',
51 silly install resolved     _npmUser: { name: 'typicode', email: 'typicode@gmail.com' },
51 silly install resolved     dist:
51 silly install resolved      { shasum: 'c90ae65863e1a70a19da86d14d737cf9495a4b6c',
51 silly install resolved        tarball: 'https://registry.npmjs.org/json-server/-/json-server-0.9.5.tgz' },
51 silly install resolved     maintainers: [ [Object] ],
51 silly install resolved     _npmOperationalInternal:
51 silly install resolved      { host: 'packages-12-west.internal.npmjs.com',
51 silly install resolved        tmp: 'tmp/json-server-0.9.5.tgz_1486767919204_0.9574955317657441' },
51 silly install resolved     _resolved: 'https://registry.npmjs.org/json-server/-/json-server-0.9.5.tgz' } ]
52 info install json-server@0.9.5 into /usr/local/lib
53 info installOne json-server@0.9.5
54 verbose installOne of json-server to /usr/local/lib not in flight; installing
55 verbose correctMkdir /Users/nico/.npm/_locks correctMkdir not in flight; initializing
56 verbose lock using /Users/nico/.npm/_locks/json-server-4a695b378152f936.lock for /usr/local/lib/node_modules/json-server
57 silly install write writing json-server 0.9.5 to /usr/local/lib/node_modules/json-server
58 verbose unbuild lib/node_modules/json-server
59 info preuninstall json-server@0.8.17
60 info uninstall json-server@0.8.17
61 verbose unbuild rmStuff json-server@0.8.17 from /usr/local/lib/node_modules
62 silly gentlyRm /usr/local/bin/json-server is being gently removed
63 silly gentlyRm verifying /usr/local is an npm working directory
64 silly gentlyRm containing path /usr/local is under npm's control, in /usr/local
65 silly gentlyRm deletion target /usr/local/bin/json-server is under /usr/local
66 verbose gentlyRm vacuuming from /usr/local/bin/json-server up to /usr/local
67 silly vacuum-fs removing /usr/local/bin/json-server
68 verbose unlock done using /Users/nico/.npm/_locks/json-server-4a695b378152f936.lock for /usr/local/lib/node_modules/json-server
69 verbose stack Error: EACCES: permission denied, unlink '/usr/local/bin/json-server'
69 verbose stack     at Error (native)
70 verbose cwd /Users/nico/Documents/github/example_ws_Nicolas_Mori
71 error Darwin 15.3.0
72 error argv "/usr/local/bin/node" "/usr/local/bin/npm" "i" "-g" "json-server"
73 error node v4.4.7
74 error npm  v2.15.8
75 error path /usr/local/bin/json-server
76 error code EACCES
77 error errno -13
78 error syscall unlink
79 error Error: EACCES: permission denied, unlink '/usr/local/bin/json-server'
79 error     at Error (native)
79 error  { [Error: EACCES: permission denied, unlink '/usr/local/bin/json-server']
79 error   errno: -13,
79 error   code: 'EACCES',
79 error   syscall: 'unlink',
79 error   path: '/usr/local/bin/json-server' }
80 error Please try running this command again as root/Administrator.
81 verbose exit [ -13, true ]
82 verbose unbuild lib/node_modules/json-server
83 info preuninstall json-server@0.8.17
84 info uninstall json-server@0.8.17
85 verbose unbuild rmStuff json-server@0.8.17 from /usr/local/lib/node_modules
86 silly gentlyRm /usr/local/bin/json-server is being gently removed
87 silly gentlyRm verifying /usr/local is an npm working directory
88 silly gentlyRm containing path /usr/local is under npm's control, in /usr/local
89 silly gentlyRm deletion target /usr/local/bin/json-server is under /usr/local
90 verbose gentlyRm vacuuming from /usr/local/bin/json-server up to /usr/local
91 silly vacuum-fs removing /usr/local/bin/json-server
92 error error rolling back Error: EACCES: permission denied, unlink '/usr/local/bin/json-server'
92 error error rolling back     at Error (native)
92 error error rolling back  { [Error: EACCES: permission denied, unlink '/usr/local/bin/json-server']
92 error error rolling back   errno: -13,
92 error error rolling back   code: 'EACCES',
92 error error rolling back   syscall: 'unlink',
92 error error rolling back   path: '/usr/local/bin/json-server' }
